<tr>
<td>blasted_case60.cnf</td>
<td>15</td>
<td>35</td>
<td>9</td>
<td>0.00387</td>
<td>16</td>
</tr>
<tr>
<td>blasted_case200.cnf</td>
<td>14</td>
<td>42</td>
<td>3</td>
<td>0.001983</td>
<td>4</td>
</tr>
<tr>
<td>blasted_case110.cnf</td>
<td>287</td>
<td>1263</td>
<td>408</td>
<td>0.015923</td>
<td>16384</td>
</tr>
<tr>
<td>blasted_case110.cnf</td>
<td>287</td>
<td>1263</td>
<td>408</td>
<td>0.020836</td>
<td>16384</td>
</tr>
<tr>
<td>blasted_case200.cnf</td>
<td>14</td>
<td>42</td>
<td>3</td>
<td>0.002571</td>
<td>4</td>
</tr>
<tr>
<td>blasted_case60.cnf</td>
<td>15</td>
<td>35</td>
<td>9</td>
<td>0.003966</td>
<td>16</td>
</tr>
